[info   ] [FileManager]: Data files will be fetched from: '/usr/share/supertuxkart/data/'
[info   ] [FileManager]: User directory is '/home/james/.config/supertuxkart/config-0.10/'.
[info   ] [FileManager]: Addons files will be stored in '/home/james/.local/share/supertuxkart/addons/'.
[info   ] [FileManager]: Screenshots will be stored in '/home/james/.local/share/supertuxkart/screenshots/'.
[info   ] [FileManager]: User-defined grand prix will be stored in '/home/james/.local/share/supertuxkart/grandprix/'.
[info   ] [FileManager]: Asset 0 will be loaded from '/usr/share/supertuxkart/data/challenges/'.
[info   ] [FileManager]: Asset 1 will be loaded from '/usr/share/supertuxkart/data/gfx/'.
[info   ] [FileManager]: Asset 2 will be loaded from '/usr/share/supertuxkart/data/grandprix/'.
[info   ] [FileManager]: Asset 3 will be loaded from '/usr/share/supertuxkart/data/gui/icons/'.
[info   ] [FileManager]: Asset 4 will be loaded from '/usr/share/supertuxkart/data/gui/screens/'.
[info   ] [FileManager]: Asset 5 will be loaded from '/usr/share/supertuxkart/data/gui/dialogs/'.
[info   ] [FileManager]: Asset 6 will be loaded from '/usr/share/supertuxkart/data/replay/'.
[info   ] [FileManager]: Asset 7 will be loaded from '/usr/share/supertuxkart/data/shaders/'.
[info   ] [FileManager]: Asset 8 will be loaded from '/usr/share/supertuxkart/data/skins/'.
[info   ] [FileManager]: Asset 9 will be loaded from '/usr/share/supertuxkart/data/ttf/'.
[info   ] [FileManager]: Asset 10 will be loaded from '/usr/share/supertuxkart/data/po/'.
[info   ] [FileManager]: Asset 11 will be loaded from '/usr/share/supertuxkart/data/library/'.
[info   ] [FileManager]: Asset 12 will be loaded from '/usr/share/supertuxkart/data/models/'.
[info   ] [FileManager]: Asset 13 will be loaded from '/usr/share/supertuxkart/data/music/'.
[info   ] [FileManager]: Asset 14 will be loaded from '/usr/share/supertuxkart/data/sfx/'.
[info   ] [FileManager]: Asset 15 will be loaded from '/usr/share/supertuxkart/data/textures/'.
[info   ] [FileManager]: Asset 16 will be loaded from '/usr/share/supertuxkart/data/tracks/'.
[verbose  ] translation: Env var LANGUAGE = 'en_US.UTF-8'.
[verbose  ] translation: Language 'English (United States)'.
[info   ] tinygettext: Adding language fallback en

[info   ] IrrDriver: OpenGL version: 4.6
[info   ] IrrDriver: OpenGL vendor: X.Org
[info   ] IrrDriver: OpenGL renderer: Radeon RX 580 Series (POLARIS10, DRM 3.36.0, 5.5.13-arch1-1, LLVM 9.0.1)
[info   ] IrrDriver: OpenGL version string: 4.6 (Core Profile) Mesa 20.0.2
[info   ] GLDriver: ARB Buffer Storage Present
[info   ] GLDriver: ARB Compute Shader Present
[info   ] GLDriver: ARB Arrays of Arrays Present
[info   ] GLDriver: ARB Texture Storage Present
[info   ] GLDriver: ARB Texture View Present
[info   ] GLDriver: ARB Image Load Store Present
[info   ] GLDriver: ARB Shader Atomic Counters Present
[info   ] GLDriver: ARB Shader Storage Buffer Object Present
[info   ] GLDriver: EXT Texture Compression S3TC Present
[info   ] GLDriver: ARB Uniform Buffer Object Present
[info   ] GLDriver: ARB Explicit Attrib Location Present
[info   ] GLDriver: EXT Texture Filter Anisotropic Present
[info   ] GLDriver: Geometry Shaders Present
[info   ] GLDriver: ARB Texture Buffer Object Present
[info   ] GLDriver: ARB Texture Swizzle Present
[info   ] GLDriver: ARB Pixel Buffer Object Present
[info   ] GLDriver: ARB Sampler Objects Present
[info   ] GLDriver: ARB Vertex Type 2_10_10_10_rev Present
[info   ] GLDriver: ARB Instanced Arrays Present
[info   ] SharedGPUObjects: Hardware Skinning enabled, method: TBO, max bones: 1024
[info   ] ShaderFilesManager: Compiling shader: /usr/share/supertuxkart/data/shaders/screenquad.vert
[info   ] ShaderFilesManager: Compiling shader: /usr/share/supertuxkart/data/shaders/motion_blur.frag
[info   ] ShaderFilesManager: Compiling shader: /usr/share/supertuxkart/data/shaders/lightning.frag
[info   ] ShaderFilesManager: Compiling shader: /usr/share/supertuxkart/data/shaders/primitive2dlist.vert
[info   ] ShaderFilesManager: Compiling shader: /usr/share/supertuxkart/data/shaders/transparent.frag
[info   ] ShaderFilesManager: Compiling shader: /usr/share/supertuxkart/data/shaders/texturedquad.vert
[info   ] ShaderFilesManager: Compiling shader: /usr/share/supertuxkart/data/shaders/uniformcolortexturedquad.frag
[info   ] ShaderFilesManager: Compiling shader: /usr/share/supertuxkart/data/shaders/texturedquad.frag
[info   ] ShaderFilesManager: Compiling shader: /usr/share/supertuxkart/data/shaders/coloredquad.vert
[info   ] ShaderFilesManager: Compiling shader: /usr/share/supertuxkart/data/shaders/coloredquad.frag
[info   ] ShaderFilesManager: Compiling shader: /usr/share/supertuxkart/data/shaders/colortexturedquad.vert
[info   ] ShaderFilesManager: Compiling shader: /usr/share/supertuxkart/data/shaders/colortexturedquad.frag
[info   ] irr_driver: GLSL supported.
[info   ] ShaderFilesManager: Compiling shader: /usr/share/supertuxkart/data/shaders/sp_pass.vert
[info   ] ShaderFilesManager: Compiling shader: /usr/share/supertuxkart/data/shaders/sp_solid.frag
[info   ] ShaderFilesManager: Compiling shader: /usr/share/supertuxkart/data/shaders/sp_shadow.vert
[info   ] ShaderFilesManager: Compiling shader: /usr/share/supertuxkart/data/shaders/white.frag
[info   ] ShaderFilesManager: Compiling shader: /usr/share/supertuxkart/data/shaders/sp_skinning.vert
[info   ] ShaderFilesManager: Compiling shader: /usr/share/supertuxkart/data/shaders/sp_skinning_shadow.vert
[info   ] ShaderFilesManager: Compiling shader: /usr/share/supertuxkart/data/shaders/sp_normal_map.frag
[info   ] ShaderFilesManager: Compiling shader: /usr/share/supertuxkart/data/shaders/sp_alpha_test.frag
[info   ] ShaderFilesManager: Compiling shader: /usr/share/supertuxkart/data/shaders/sp_shadow_alpha_test.frag
[info   ] ShaderFilesManager: Compiling shader: /usr/share/supertuxkart/data/shaders/sp_decal.frag
[info   ] ShaderFilesManager: Compiling shader: /usr/share/supertuxkart/data/shaders/sp_grass_pass.vert
[info   ] ShaderFilesManager: Compiling shader: /usr/share/supertuxkart/data/shaders/sp_grass.frag
[info   ] ShaderFilesManager: Compiling shader: /usr/share/supertuxkart/data/shaders/sp_grass_shadow.vert
[info   ] ShaderFilesManager: Compiling shader: /usr/share/supertuxkart/data/shaders/sp_unlit.frag
[info   ] ShaderFilesManager: Compiling shader: /usr/share/supertuxkart/data/shaders/sp_transparent.frag
[info   ] ShaderFilesManager: Compiling shader: /usr/share/supertuxkart/data/shaders/sp_ghost.frag
[info   ] ShaderFilesManager: Compiling shader: /usr/share/supertuxkart/data/shaders/sp_dynamic_night_bloom.frag
[info   ] ShaderFilesManager: Compiling shader: /usr/share/supertuxkart/data/shaders/sp_tilling_mitigation.frag
[info   ] ShaderFilesManager: Compiling shader: /usr/share/supertuxkart/data/shaders/sp_vertical_mapping.frag
[info   ] ShaderFilesManager: Compiling shader: /usr/share/supertuxkart/data/shaders/sp_road_blending.frag
[info   ] ShaderFilesManager: Compiling shader: /usr/share/supertuxkart/data/shaders/sp_displace.frag
[info   ] ShaderFilesManager: Compiling shader: /usr/share/supertuxkart/data/shaders/colorize.frag
[info   ] ShaderFilesManager: Compiling shader: /usr/share/supertuxkart/data/shaders/sp_normal_visualizer.vert
[info   ] ShaderFilesManager: Compiling shader: /usr/share/supertuxkart/data/shaders/sp_normal_visualizer.geom
[info   ] ShaderFilesManager: Compiling shader: /usr/share/supertuxkart/data/shaders/sp_normal_visualizer.frag
[info   ] HTTPRequest: Downloading https://online.supertuxkart.net/dl/xml/online_news.xml
[info   ] addons: Using cached addons.xml.
[info   ] GrandPrixManager: Loading Grand Prix files from /usr/share/supertuxkart/data/grandprix/
[info   ] GrandPrixManager: Loading Grand Prix files from /home/james/.local/share/supertuxkart/grandprix/
[warn   ] SPMeshBuffer: kartDirt shader is missing, fallback to solid
[warn   ] SPMeshBuffer: kartDirt shader is missing, fallback to solid
[warn   ] SPMeshBuffer: kartDirt shader is missing, fallback to solid
[warn   ] SPMeshBuffer: kartDirt shader is missing, fallback to solid
[warn   ] SPMeshBuffer: kartDirt shader is missing, fallback to solid
[info   ] ShaderFilesManager: Compiling shader: /usr/share/supertuxkart/data/shaders/simple_particle.vert
[info   ] ShaderFilesManager: Compiling shader: /usr/share/supertuxkart/data/shaders/simple_particle.frag
[info   ] ShaderFilesManager: Compiling shader: /usr/share/supertuxkart/data/shaders/alphatest_particle.vert
[info   ] ShaderFilesManager: Compiling shader: /usr/share/supertuxkart/data/shaders/alphatest_particle.frag
[info   ] ShaderFilesManager: Compiling shader: /usr/share/supertuxkart/data/shaders/degraded_ibl.frag
[info   ] ShaderFilesManager: Compiling shader: /usr/share/supertuxkart/data/shaders/sunlight.frag
[info   ] ShaderFilesManager: Compiling shader: /usr/share/supertuxkart/data/shaders/pointlight.vert
[info   ] ShaderFilesManager: Compiling shader: /usr/share/supertuxkart/data/shaders/pointlight.frag
[info   ] ShaderFilesManager: Compiling shader: /usr/share/supertuxkart/data/shaders/combine_diffuse_color.frag
[info   ] ShaderFilesManager: Compiling shader: /usr/share/supertuxkart/data/shaders/tonemap.frag
[warn   ] LayoutManager: Statically sized widgets took all the place!!
[warn   ] LayoutManager: Statically sized widgets took all the place!!
[warn   ] LayoutManager: Statically sized widgets took all the place!!
[warn   ] LayoutManager: Statically sized widgets took all the place!!
[warn   ] LayoutManager: Statically sized widgets took all the place!!
[warn   ] LayoutManager: Statically sized widgets took all the place!!
[warn   ] LayoutManager: Statically sized widgets took all the place!!
[warn   ] AbstractTopLevelContainer::addWidgetsRecursively: Widget target-type-spinner of type 1 has no dimensions
[warn   ] AbstractTopLevelContainer::addWidgetsRecursively: Widget target-type-text of type 5 has no dimensions
[warn   ] AbstractTopLevelContainer::addWidgetsRecursively: Widget ai-blue-spinner of type 1 has no dimensions
[warn   ] AbstractTopLevelContainer::addWidgetsRecursively: Widget ai-blue-text of type 5 has no dimensions
[verbose  ] RaceManager: Nb of karts=4, ghost karts:0 ai:3 players:1

[info   ] [FileManager]: Creating directory(ies) '/home/james/.cache/supertuxkart/cached-textures/hd/tracks/abyss'
[info   ] FileManager: Creating directory '/home/james/.cache/supertuxkart/cached-textures/hd/tracks/'.
[info   ] FileManager: Creating directory '/home/james/.cache/supertuxkart/cached-textures/hd/tracks/abyss/'.
[info   ] Track: Overall scene complexity estimated at 422
[info   ] ShaderFilesManager: Compiling shader: /usr/share/supertuxkart/data/shaders/importance_sampling_specular.frag
[info   ] ShaderFilesManager: Compiling shader: /usr/share/supertuxkart/data/shaders/pointlightscatter.frag
[info   ] ShaderFilesManager: Compiling shader: /usr/share/supertuxkart/data/shaders/gaussian6v.comp
[info   ] ShaderFilesManager: Compiling shader: /usr/share/supertuxkart/data/shaders/gaussian6h.comp
[info   ] ShaderFilesManager: Compiling shader: /usr/share/supertuxkart/data/shaders/sky.vert
[info   ] ShaderFilesManager: Compiling shader: /usr/share/supertuxkart/data/shaders/sky.frag
[info   ] ShaderFilesManager: Compiling shader: /usr/share/supertuxkart/data/shaders/passthrough.frag
[info   ] Singleton: Destroyed singleton.
[info   ] Singleton: Destroyed singleton.
[info   ] Singleton: Destroyed singleton.
[warn   ] LayoutManager: Statically sized widgets took all the place!!
[warn   ] LayoutManager: Statically sized widgets took all the place!!
[warn   ] LayoutManager: Statically sized widgets took all the place!!
[warn   ] LayoutManager: Statically sized widgets took all the place!!
[info   ] Singleton: Destroyed singleton.
[info   ] Singleton: Destroyed singleton.
[info   ] Singleton: Destroyed singleton.
[info   ] Singleton: Destroyed singleton.
[info   ] Singleton: Destroyed singleton.
[info   ] Singleton: Destroyed singleton.
[info   ] Singleton: Destroyed singleton.
[info   ] Singleton: Destroyed singleton.
[info   ] Singleton: Destroyed singleton.
[info   ] Singleton: Destroyed singleton.
[info   ] Singleton: Destroyed singleton.
[info   ] Singleton: Destroyed singleton.
[info   ] Singleton: Destroyed singleton.
[info   ] Singleton: Destroyed singleton.
[info   ] Singleton: Destroyed singleton.
[info   ] Singleton: Destroyed singleton.
[info   ] Singleton: Destroyed singleton.
[info   ] Singleton: Destroyed singleton.
[info   ] Singleton: Destroyed singleton.
[info   ] Singleton: Destroyed singleton.
[info   ] Singleton: Destroyed singleton.
[info   ] Singleton: Destroyed singleton.
[info   ] Singleton: Destroyed singleton.
[info   ] IrrDriver: OpenGL version: 4.6
[info   ] IrrDriver: OpenGL vendor: X.Org
[info   ] IrrDriver: OpenGL renderer: Radeon RX 580 Series (POLARIS10, DRM 3.36.0, 5.5.13-arch1-1, LLVM 9.0.1)
[info   ] IrrDriver: OpenGL version string: 4.6 (Core Profile) Mesa 20.0.2
[info   ] GLDriver: ARB Buffer Storage Present
[info   ] GLDriver: ARB Compute Shader Present
[info   ] GLDriver: ARB Arrays of Arrays Present
[info   ] GLDriver: ARB Texture Storage Present
[info   ] GLDriver: ARB Texture View Present
[info   ] GLDriver: ARB Image Load Store Present
[info   ] GLDriver: ARB Shader Atomic Counters Present
[info   ] GLDriver: ARB Shader Storage Buffer Object Present
[info   ] GLDriver: EXT Texture Compression S3TC Present
[info   ] GLDriver: ARB Uniform Buffer Object Present
[info   ] GLDriver: ARB Explicit Attrib Location Present
[info   ] GLDriver: EXT Texture Filter Anisotropic Present
[info   ] GLDriver: Geometry Shaders Present
[info   ] GLDriver: ARB Texture Buffer Object Present
[info   ] GLDriver: ARB Texture Swizzle Present
[info   ] GLDriver: ARB Pixel Buffer Object Present
[info   ] GLDriver: ARB Sampler Objects Present
[info   ] GLDriver: ARB Vertex Type 2_10_10_10_rev Present
[info   ] GLDriver: ARB Instanced Arrays Present
[info   ] SharedGPUObjects: Hardware Skinning enabled, method: TBO, max bones: 1024
[info   ] ShaderFilesManager: Compiling shader: /usr/share/supertuxkart/data/shaders/screenquad.vert
[info   ] ShaderFilesManager: Compiling shader: /usr/share/supertuxkart/data/shaders/motion_blur.frag
[info   ] ShaderFilesManager: Compiling shader: /usr/share/supertuxkart/data/shaders/lightning.frag
[info   ] ShaderFilesManager: Compiling shader: /usr/share/supertuxkart/data/shaders/primitive2dlist.vert
[info   ] ShaderFilesManager: Compiling shader: /usr/share/supertuxkart/data/shaders/transparent.frag
[info   ] ShaderFilesManager: Compiling shader: /usr/share/supertuxkart/data/shaders/texturedquad.vert
[info   ] ShaderFilesManager: Compiling shader: /usr/share/supertuxkart/data/shaders/uniformcolortexturedquad.frag
[info   ] ShaderFilesManager: Compiling shader: /usr/share/supertuxkart/data/shaders/texturedquad.frag
[info   ] ShaderFilesManager: Compiling shader: /usr/share/supertuxkart/data/shaders/coloredquad.vert
[info   ] ShaderFilesManager: Compiling shader: /usr/share/supertuxkart/data/shaders/coloredquad.frag
[info   ] ShaderFilesManager: Compiling shader: /usr/share/supertuxkart/data/shaders/colortexturedquad.vert
[info   ] ShaderFilesManager: Compiling shader: /usr/share/supertuxkart/data/shaders/colortexturedquad.frag
[info   ] irr_driver: GLSL supported.
[info   ] ShaderFilesManager: Compiling shader: /usr/share/supertuxkart/data/shaders/sp_pass.vert
[info   ] ShaderFilesManager: Compiling shader: /usr/share/supertuxkart/data/shaders/sp_solid.frag
[info   ] ShaderFilesManager: Compiling shader: /usr/share/supertuxkart/data/shaders/sp_shadow.vert
[info   ] ShaderFilesManager: Compiling shader: /usr/share/supertuxkart/data/shaders/white.frag
[info   ] ShaderFilesManager: Compiling shader: /usr/share/supertuxkart/data/shaders/sp_skinning.vert
[info   ] ShaderFilesManager: Compiling shader: /usr/share/supertuxkart/data/shaders/sp_skinning_shadow.vert
[info   ] ShaderFilesManager: Compiling shader: /usr/share/supertuxkart/data/shaders/sp_normal_map.frag
[info   ] ShaderFilesManager: Compiling shader: /usr/share/supertuxkart/data/shaders/sp_alpha_test.frag
[info   ] ShaderFilesManager: Compiling shader: /usr/share/supertuxkart/data/shaders/sp_shadow_alpha_test.frag
[info   ] ShaderFilesManager: Compiling shader: /usr/share/supertuxkart/data/shaders/sp_decal.frag
[info   ] ShaderFilesManager: Compiling shader: /usr/share/supertuxkart/data/shaders/sp_grass_pass.vert
[info   ] ShaderFilesManager: Compiling shader: /usr/share/supertuxkart/data/shaders/sp_grass.frag
[info   ] ShaderFilesManager: Compiling shader: /usr/share/supertuxkart/data/shaders/sp_grass_shadow.vert
[info   ] ShaderFilesManager: Compiling shader: /usr/share/supertuxkart/data/shaders/sp_unlit.frag
[info   ] ShaderFilesManager: Compiling shader: /usr/share/supertuxkart/data/shaders/sp_transparent.frag
[info   ] ShaderFilesManager: Compiling shader: /usr/share/supertuxkart/data/shaders/sp_ghost.frag
[info   ] ShaderFilesManager: Compiling shader: /usr/share/supertuxkart/data/shaders/sp_dynamic_night_bloom.frag
[info   ] ShaderFilesManager: Compiling shader: /usr/share/supertuxkart/data/shaders/sp_tilling_mitigation.frag
[info   ] ShaderFilesManager: Compiling shader: /usr/share/supertuxkart/data/shaders/sp_vertical_mapping.frag
[info   ] ShaderFilesManager: Compiling shader: /usr/share/supertuxkart/data/shaders/sp_road_blending.frag
[info   ] ShaderFilesManager: Compiling shader: /usr/share/supertuxkart/data/shaders/sp_displace.frag
[info   ] ShaderFilesManager: Compiling shader: /usr/share/supertuxkart/data/shaders/colorize.frag
[info   ] ShaderFilesManager: Compiling shader: /usr/share/supertuxkart/data/shaders/sp_normal_visualizer.vert
[info   ] ShaderFilesManager: Compiling shader: /usr/share/supertuxkart/data/shaders/sp_normal_visualizer.geom
[info   ] ShaderFilesManager: Compiling shader: /usr/share/supertuxkart/data/shaders/sp_normal_visualizer.frag
[warn   ] SPMeshBuffer: kartDirt shader is missing, fallback to solid
[warn   ] SPMeshBuffer: kartDirt shader is missing, fallback to solid
[warn   ] SPMeshBuffer: kartDirt shader is missing, fallback to solid
[warn   ] SPMeshBuffer: kartDirt shader is missing, fallback to solid
[warn   ] SPMeshBuffer: kartDirt shader is missing, fallback to solid
[info   ] Singleton: Destroyed singleton.
[info   ] Singleton: Destroyed singleton.
[info   ] Singleton: Destroyed singleton.
[info   ] Singleton: Destroyed singleton.
[info   ] Singleton: Destroyed singleton.
[info   ] Singleton: Destroyed singleton.
[info   ] Singleton: Destroyed singleton.
[info   ] Singleton: Destroyed singleton.
[info   ] Singleton: Destroyed singleton.
[info   ] IrrDriver: OpenGL version: 4.6
[info   ] IrrDriver: OpenGL vendor: X.Org
[info   ] IrrDriver: OpenGL renderer: Radeon RX 580 Series (POLARIS10, DRM 3.36.0, 5.5.13-arch1-1, LLVM 9.0.1)
[info   ] IrrDriver: OpenGL version string: 4.6 (Core Profile) Mesa 20.0.2
[info   ] GLDriver: ARB Buffer Storage Present
[info   ] GLDriver: ARB Compute Shader Present
[info   ] GLDriver: ARB Arrays of Arrays Present
[info   ] GLDriver: ARB Texture Storage Present
[info   ] GLDriver: ARB Texture View Present
[info   ] GLDriver: ARB Image Load Store Present
[info   ] GLDriver: ARB Shader Atomic Counters Present
[info   ] GLDriver: ARB Shader Storage Buffer Object Present
[info   ] GLDriver: EXT Texture Compression S3TC Present
[info   ] GLDriver: ARB Uniform Buffer Object Present
[info   ] GLDriver: ARB Explicit Attrib Location Present
[info   ] GLDriver: EXT Texture Filter Anisotropic Present
[info   ] GLDriver: Geometry Shaders Present
[info   ] GLDriver: ARB Texture Buffer Object Present
[info   ] GLDriver: ARB Texture Swizzle Present
[info   ] GLDriver: ARB Pixel Buffer Object Present
[info   ] GLDriver: ARB Sampler Objects Present
[info   ] GLDriver: ARB Vertex Type 2_10_10_10_rev Present
[info   ] GLDriver: ARB Instanced Arrays Present
[info   ] SharedGPUObjects: Hardware Skinning enabled, method: TBO, max bones: 1024
[info   ] ShaderFilesManager: Compiling shader: /usr/share/supertuxkart/data/shaders/screenquad.vert
[info   ] ShaderFilesManager: Compiling shader: /usr/share/supertuxkart/data/shaders/motion_blur.frag
[info   ] ShaderFilesManager: Compiling shader: /usr/share/supertuxkart/data/shaders/lightning.frag
[info   ] ShaderFilesManager: Compiling shader: /usr/share/supertuxkart/data/shaders/primitive2dlist.vert
[info   ] ShaderFilesManager: Compiling shader: /usr/share/supertuxkart/data/shaders/transparent.frag
[info   ] ShaderFilesManager: Compiling shader: /usr/share/supertuxkart/data/shaders/texturedquad.vert
[info   ] ShaderFilesManager: Compiling shader: /usr/share/supertuxkart/data/shaders/uniformcolortexturedquad.frag
[info   ] ShaderFilesManager: Compiling shader: /usr/share/supertuxkart/data/shaders/texturedquad.frag
[info   ] ShaderFilesManager: Compiling shader: /usr/share/supertuxkart/data/shaders/coloredquad.vert
[info   ] ShaderFilesManager: Compiling shader: /usr/share/supertuxkart/data/shaders/coloredquad.frag
[info   ] ShaderFilesManager: Compiling shader: /usr/share/supertuxkart/data/shaders/colortexturedquad.vert
[info   ] ShaderFilesManager: Compiling shader: /usr/share/supertuxkart/data/shaders/colortexturedquad.frag
[info   ] irr_driver: GLSL supported.
[info   ] ShaderFilesManager: Compiling shader: /usr/share/supertuxkart/data/shaders/sp_pass.vert
[info   ] ShaderFilesManager: Compiling shader: /usr/share/supertuxkart/data/shaders/sp_solid.frag
[info   ] ShaderFilesManager: Compiling shader: /usr/share/supertuxkart/data/shaders/sp_shadow.vert
[info   ] ShaderFilesManager: Compiling shader: /usr/share/supertuxkart/data/shaders/white.frag
[info   ] ShaderFilesManager: Compiling shader: /usr/share/supertuxkart/data/shaders/sp_skinning.vert
[info   ] ShaderFilesManager: Compiling shader: /usr/share/supertuxkart/data/shaders/sp_skinning_shadow.vert
[info   ] ShaderFilesManager: Compiling shader: /usr/share/supertuxkart/data/shaders/sp_normal_map.frag
[info   ] ShaderFilesManager: Compiling shader: /usr/share/supertuxkart/data/shaders/sp_alpha_test.frag
[info   ] ShaderFilesManager: Compiling shader: /usr/share/supertuxkart/data/shaders/sp_shadow_alpha_test.frag
[info   ] ShaderFilesManager: Compiling shader: /usr/share/supertuxkart/data/shaders/sp_decal.frag
[info   ] ShaderFilesManager: Compiling shader: /usr/share/supertuxkart/data/shaders/sp_grass_pass.vert
[info   ] ShaderFilesManager: Compiling shader: /usr/share/supertuxkart/data/shaders/sp_grass.frag
[info   ] ShaderFilesManager: Compiling shader: /usr/share/supertuxkart/data/shaders/sp_grass_shadow.vert
[info   ] ShaderFilesManager: Compiling shader: /usr/share/supertuxkart/data/shaders/sp_unlit.frag
[info   ] ShaderFilesManager: Compiling shader: /usr/share/supertuxkart/data/shaders/sp_transparent.frag
[info   ] ShaderFilesManager: Compiling shader: /usr/share/supertuxkart/data/shaders/sp_ghost.frag
[info   ] ShaderFilesManager: Compiling shader: /usr/share/supertuxkart/data/shaders/sp_dynamic_night_bloom.frag
[info   ] ShaderFilesManager: Compiling shader: /usr/share/supertuxkart/data/shaders/sp_tilling_mitigation.frag
[info   ] ShaderFilesManager: Compiling shader: /usr/share/supertuxkart/data/shaders/sp_vertical_mapping.frag
[info   ] ShaderFilesManager: Compiling shader: /usr/share/supertuxkart/data/shaders/sp_road_blending.frag
[info   ] ShaderFilesManager: Compiling shader: /usr/share/supertuxkart/data/shaders/sp_displace.frag
[info   ] ShaderFilesManager: Compiling shader: /usr/share/supertuxkart/data/shaders/colorize.frag
[info   ] ShaderFilesManager: Compiling shader: /usr/share/supertuxkart/data/shaders/sp_normal_visualizer.vert
[info   ] ShaderFilesManager: Compiling shader: /usr/share/supertuxkart/data/shaders/sp_normal_visualizer.geom
[info   ] ShaderFilesManager: Compiling shader: /usr/share/supertuxkart/data/shaders/sp_normal_visualizer.frag
[warn   ] SPMeshBuffer: kartDirt shader is missing, fallback to solid
[warn   ] SPMeshBuffer: kartDirt shader is missing, fallback to solid
[warn   ] SPMeshBuffer: kartDirt shader is missing, fallback to solid
[warn   ] SPMeshBuffer: kartDirt shader is missing, fallback to solid
[warn   ] SPMeshBuffer: kartDirt shader is missing, fallback to solid
[info   ] ShaderFilesManager: Compiling shader: /usr/share/supertuxkart/data/shaders/simple_particle.vert
[info   ] ShaderFilesManager: Compiling shader: /usr/share/supertuxkart/data/shaders/simple_particle.frag
[info   ] ShaderFilesManager: Compiling shader: /usr/share/supertuxkart/data/shaders/alphatest_particle.vert
[info   ] ShaderFilesManager: Compiling shader: /usr/share/supertuxkart/data/shaders/alphatest_particle.frag
[info   ] ShaderFilesManager: Compiling shader: /usr/share/supertuxkart/data/shaders/degraded_ibl.frag
[info   ] ShaderFilesManager: Compiling shader: /usr/share/supertuxkart/data/shaders/sunlight.frag
[info   ] ShaderFilesManager: Compiling shader: /usr/share/supertuxkart/data/shaders/pointlight.vert
[info   ] ShaderFilesManager: Compiling shader: /usr/share/supertuxkart/data/shaders/pointlight.frag
[info   ] ShaderFilesManager: Compiling shader: /usr/share/supertuxkart/data/shaders/linearizedepth.frag
[info   ] ShaderFilesManager: Compiling shader: /usr/share/supertuxkart/data/shaders/ssao.frag
[info   ] ShaderFilesManager: Compiling shader: /usr/share/supertuxkart/data/shaders/bilateralH.comp
[info   ] ShaderFilesManager: Compiling shader: /usr/share/supertuxkart/data/shaders/bilateralV.comp
[info   ] ShaderFilesManager: Compiling shader: /usr/share/supertuxkart/data/shaders/combine_diffuse_color.frag
[info   ] ShaderFilesManager: Compiling shader: /usr/share/supertuxkart/data/shaders/glow.frag
[info   ] ShaderFilesManager: Compiling shader: /usr/share/supertuxkart/data/shaders/tonemap.frag
[info   ] ShaderFilesManager: Compiling shader: /usr/share/supertuxkart/data/shaders/mlaa_color1.frag
[info   ] ShaderFilesManager: Compiling shader: /usr/share/supertuxkart/data/shaders/mlaa_blend2.frag
[info   ] ShaderFilesManager: Compiling shader: /usr/share/supertuxkart/data/shaders/mlaa_neigh3.frag
[warn   ] LayoutManager: Statically sized widgets took all the place!!
[warn   ] LayoutManager: Statically sized widgets took all the place!!
[warn   ] LayoutManager: Statically sized widgets took all the place!!
[warn   ] LayoutManager: Statically sized widgets took all the place!!
[warn   ] LayoutManager: Statically sized widgets took all the place!!
[warn   ] LayoutManager: Statically sized widgets took all the place!!
[warn   ] LayoutManager: Statically sized widgets took all the place!!
[warn   ] LayoutManager: Statically sized widgets took all the place!!
[warn   ] LayoutManager: Statically sized widgets took all the place!!
[warn   ] AbstractTopLevelContainer::addWidgetsRecursively: Widget target-type-spinner of type 1 has no dimensions
[warn   ] AbstractTopLevelContainer::addWidgetsRecursively: Widget target-type-text of type 5 has no dimensions
[warn   ] AbstractTopLevelContainer::addWidgetsRecursively: Widget ai-blue-spinner of type 1 has no dimensions
[warn   ] AbstractTopLevelContainer::addWidgetsRecursively: Widget ai-blue-text of type 5 has no dimensions
[verbose  ] RaceManager: Nb of karts=4, ghost karts:0 ai:3 players:1

[info   ] [FileManager]: Creating directory(ies) '/home/james/.cache/supertuxkart/cached-textures/hd/tracks/scotland'
[info   ] FileManager: Creating directory '/home/james/.cache/supertuxkart/cached-textures/hd/tracks/scotland/'.
[info   ] [FileManager]: Creating directory(ies) '/home/james/.cache/supertuxkart/cached-textures/hd/deprecatedtex'
[info   ] FileManager: Creating directory '/home/james/.cache/supertuxkart/cached-textures/hd/deprecatedtex/'.
[info   ] [FileManager]: Creating directory(ies) '/home/james/.cache/supertuxkart/cached-textures/hd/library/stklib_wilbertSecurity_a'
[info   ] FileManager: Creating directory '/home/james/.cache/supertuxkart/cached-textures/hd/library/'.
[info   ] FileManager: Creating directory '/home/james/.cache/supertuxkart/cached-textures/hd/library/stklib_wilbertSecurity_a/'.
[info   ] Track: Overall scene complexity estimated at 154
[info   ] ShaderFilesManager: Compiling shader: /usr/share/supertuxkart/data/shaders/importance_sampling_specular.frag
[info   ] ShaderFilesManager: Compiling shader: /usr/share/supertuxkart/data/shaders/IBL.frag
[info   ] ShaderFilesManager: Compiling shader: /usr/share/supertuxkart/data/shaders/sunlightshadow.frag
[info   ] ShaderFilesManager: Compiling shader: /usr/share/supertuxkart/data/shaders/pointlightscatter.frag
[info   ] ShaderFilesManager: Compiling shader: /usr/share/supertuxkart/data/shaders/gaussian6v.comp
[info   ] ShaderFilesManager: Compiling shader: /usr/share/supertuxkart/data/shaders/gaussian6h.comp
[info   ] ShaderFilesManager: Compiling shader: /usr/share/supertuxkart/data/shaders/sky.vert
[info   ] ShaderFilesManager: Compiling shader: /usr/share/supertuxkart/data/shaders/sky.frag
[info   ] ShaderFilesManager: Compiling shader: /usr/share/supertuxkart/data/shaders/bloom.frag
[info   ] ShaderFilesManager: Compiling shader: /usr/share/supertuxkart/data/shaders/gaussian6h.frag
[info   ] ShaderFilesManager: Compiling shader: /usr/share/supertuxkart/data/shaders/bloomblend.frag
[info   ] ShaderFilesManager: Compiling shader: /usr/share/supertuxkart/data/shaders/lensblend.frag
[info   ] ShaderFilesManager: Compiling shader: /usr/share/supertuxkart/data/shaders/passthrough.frag
[info   ] Singleton: Destroyed singleton.
[info   ] Singleton: Destroyed singleton.
[info   ] Singleton: Destroyed singleton.
[verbose  ] RaceManager: Nb of karts=0, ghost karts:0 ai:0 players:0

[info   ] [FileManager]: Creating directory(ies) '/home/james/.cache/supertuxkart/cached-textures/hd/tracks/introcutscene'
[info   ] FileManager: Creating directory '/home/james/.cache/supertuxkart/cached-textures/hd/tracks/introcutscene/'.
[info   ] Track: Overall scene complexity estimated at 47
[verbose  ] StoryModeTimer: Total speedrun pause time : 547ms.
[info   ] Singleton: Destroyed singleton.
[info   ] Singleton: Destroyed singleton.
[info   ] Singleton: Destroyed singleton.
[verbose  ] RaceManager: Nb of karts=0, ghost karts:0 ai:0 players:0

[warn   ] Material: Cannot determine texture full path: light.png
[info   ] [FileManager]: Creating directory(ies) '/home/james/.cache/supertuxkart/cached-textures/hd/tracks/introcutscene2'
[info   ] FileManager: Creating directory '/home/james/.cache/supertuxkart/cached-textures/hd/tracks/introcutscene2/'.
[info   ] Track: Overall scene complexity estimated at 19
[verbose  ] StoryModeTimer: Total speedrun pause time : 984ms.
[info   ] Singleton: Destroyed singleton.
[info   ] Singleton: Destroyed singleton.
[info   ] Singleton: Destroyed singleton.
[verbose  ] RaceManager: Nb of karts=1, ghost karts:0 ai:0 players:1

[info   ] ShaderFilesManager: Compiling shader: /usr/share/supertuxkart/data/tracks/overworld/splatting.frag
[info   ] [FileManager]: Creating directory(ies) '/home/james/.cache/supertuxkart/cached-textures/hd/tracks/overworld'
[info   ] FileManager: Creating directory '/home/james/.cache/supertuxkart/cached-textures/hd/tracks/overworld/'.
[info   ] Track: Overall scene complexity estimated at 106
[info   ] Script: allchallenges: unlocked_challenges=1, challenges=26
[info   ] Script: allchallenges: unlocked_challenges=1, challenges=26
[info   ] Script: allchallenges: unlocked_challenges=1, challenges=26
[info   ] Script: allchallenges: unlocked_challenges=1, challenges=26
[info   ] ShaderFilesManager: Compiling shader: /usr/share/supertuxkart/data/shaders/sp_text_billboard.frag
[verbose  ] StoryModeTimer: Total speedrun pause time : 2012ms.
[info   ] Script: onForceFieldKartCollision
[info   ] Script: onForceFieldKartCollision
[info   ] Script: onForceFieldKartCollision
[info   ] Script: onForceFieldKartCollision
[info   ] Script: onForceFieldKartCollision
[info   ] Script: onForceFieldKartCollision
[info   ] Script: onForceFieldKartCollision
[info   ] Script: onForceFieldKartCollision
[info   ] Script: onForceFieldKartCollision
[info   ] Script: onForceFieldKartCollision
[info   ] Script: onForceFieldKartCollision
[info   ] Script: onForceFieldKartCollision
[info   ] Script: onForceFieldKartCollision
[info   ] Script: onForceFieldKartCollision
[info   ] Script: onForceFieldKartCollision
[info   ] Script: onForceFieldKartCollision
[info   ] Script: onForceFieldKartCollision
[info   ] Script: onForceFieldKartCollision
[info   ] Script: onForceFieldKartCollision
[info   ] Script: onForceFieldKartCollision
[info   ] Script: onForceFieldKartCollision
[info   ] Script: onForceFieldKartCollision
[info   ] Script: onForceFieldKartCollision
[info   ] Script: onForceFieldKartCollision
[info   ] Script: onForceFieldKartCollision
[info   ] Script: onForceFieldKartCollision
[info   ] Script: onForceFieldKartCollision
[info   ] Script: onForceFieldKartCollision
[info   ] Script: onForceFieldKartCollision
[info   ] Script: onForceFieldKartCollision
[info   ] Script: onForceFieldKartCollision
[info   ] Script: onForceFieldKartCollision
[info   ] Script: onForceFieldKartCollision
[info   ] Script: onForceFieldKartCollision
[info   ] Script: onForceFieldKartCollision
[info   ] Script: onForceFieldKartCollision
[info   ] Script: onForceFieldKartCollision
[info   ] Script: onForceFieldKartCollision
[info   ] Script: onForceFieldKartCollision
[info   ] Script: onForceFieldKartCollision
[info   ] Script: onForceFieldKartCollision
[info   ] Script: onForceFieldKartCollision
[info   ] Script: onForceFieldKartCollision
[info   ] Script: onForceFieldKartCollision
[info   ] Script: onForceFieldKartCollision
[info   ] Script: onForceFieldKartCollision
[info   ] Script: onForceFieldKartCollision
[info   ] Script: onForceFieldKartCollision
[info   ] Script: onForceFieldKartCollision
[info   ] Script: onForceFieldKartCollision
[info   ] Script: onForceFieldKartCollision
[info   ] Script: onForceFieldKartCollision
[info   ] Script: onForceFieldKartCollision
[info   ] Script: onForceFieldKartCollision
[info   ] Script: onForceFieldKartCollision
[info   ] Script: onForceFieldKartCollision
[info   ] Script: onForceFieldKartCollision
[info   ] Script: onForceFieldKartCollision
[info   ] Script: onForceFieldKartCollision
[info   ] Script: onForceFieldKartCollision
[info   ] Script: onForceFieldKartCollision
[info   ] Script: onForceFieldKartCollision
[info   ] Script: onForceFieldKartCollision
[info   ] Script: onForceFieldKartCollision
[info   ] Script: onForceFieldKartCollision
[info   ] Script: onForceFieldKartCollision
[info   ] Script: onForceFieldKartCollision
[info   ] Script: onForceFieldKartCollision
[info   ] Script: onForceFieldKartCollision
[info   ] Script: onForceFieldKartCollision
[info   ] Script: onForceFieldKartCollision
[info   ] Script: onForceFieldKartCollision
[info   ] Script: onForceFieldKartCollision
[info   ] Script: onForceFieldKartCollision
[info   ] Script: onForceFieldKartCollision
[info   ] Script: onForceFieldKartCollision
[info   ] Script: onForceFieldKartCollision
[info   ] Script: onForceFieldKartCollision
[info   ] Script: onForceFieldKartCollision
[info   ] Script: onForceFieldKartCollision
[info   ] Script: onForceFieldKartCollision
[info   ] Script: onForceFieldKartCollision
[info   ] Script: onForceFieldKartCollision
[info   ] Script: onForceFieldKartCollision
[info   ] Script: onForceFieldKartCollision
[info   ] Script: onForceFieldKartCollision
[info   ] Script: onForceFieldKartCollision
[info   ] Script: onForceFieldKartCollision
[info   ] Script: onForceFieldKartCollision
[info   ] Script: onForceFieldKartCollision
[info   ] Script: onForceFieldKartCollision
[info   ] Script: onForceFieldKartCollision
[info   ] Script: onForceFieldKartCollision
[info   ] Script: onForceFieldKartCollision
[info   ] Script: onForceFieldKartCollision
[info   ] Script: onForceFieldKartCollision
[info   ] Script: onForceFieldKartCollision
[info   ] Script: onForceFieldKartCollision
[info   ] Script: onForceFieldKartCollision
[info   ] Script: onForceFieldKartCollision
[info   ] Script: onForceFieldKartCollision
[info   ] Script: onForceFieldKartCollision
[info   ] Script: onForceFieldKartCollision
[info   ] Script: onForceFieldKartCollision
[info   ] Script: onForceFieldKartCollision
[info   ] Script: onForceFieldKartCollision
[info   ] Script: onForceFieldKartCollision
[info   ] Script: onForceFieldKartCollision
[info   ] Script: onForceFieldKartCollision
[info   ] Script: onForceFieldKartCollision
[info   ] Script: onForceFieldKartCollision
[info   ] Script: onForceFieldKartCollision
[info   ] Script: onForceFieldKartCollision
[info   ] Script: onForceFieldKartCollision
[info   ] Script: onForceFieldKartCollision
[info   ] Script: onForceFieldKartCollision
[info   ] Script: onForceFieldKartCollision
[info   ] Script: onForceFieldKartCollision
[info   ] Script: onForceFieldKartCollision
[info   ] Script: onForceFieldKartCollision
[info   ] Script: onForceFieldKartCollision
[info   ] Script: onForceFieldKartCollision
[info   ] Script: onForceFieldKartCollision
[info   ] Script: onForceFieldKartCollision
[info   ] Script: onForceFieldKartCollision
[info   ] Script: onForceFieldKartCollision
[info   ] Script: onForceFieldKartCollision
[info   ] Script: onForceFieldKartCollision
[info   ] Script: onForceFieldKartCollision
[info   ] Script: onForceFieldKartCollision
[info   ] Script: onForceFieldKartCollision
[info   ] Script: onForceFieldKartCollision
[info   ] Script: onForceFieldKartCollision
[info   ] Script: onForceFieldKartCollision
[info   ] Script: onForceFieldKartCollision
[info   ] Script: onForceFieldKartCollision
[info   ] Script: onForceFieldKartCollision
[info   ] Script: onForceFieldKartCollision
[info   ] Script: onForceFieldKartCollision
[info   ] Script: onForceFieldKartCollision
[info   ] Script: onForceFieldKartCollision
[info   ] Script: onForceFieldKartCollision
[info   ] Script: onForceFieldKartCollision
[info   ] Script: onForceFieldKartCollision
[info   ] Script: onForceFieldKartCollision
[info   ] Script: onForceFieldKartCollision
[info   ] Script: onForceFieldKartCollision
[info   ] Script: onForceFieldKartCollision
[info   ] Script: onForceFieldKartCollision
[info   ] Script: onForceFieldKartCollision
[info   ] Script: onForceFieldKartCollision
[info   ] Script: onForceFieldKartCollision
[info   ] Script: onForceFieldKartCollision
[info   ] Script: onForceFieldKartCollision
[info   ] Script: onForceFieldKartCollision
[info   ] Script: onForceFieldKartCollision
[info   ] Script: onForceFieldKartCollision
[info   ] Script: onForceFieldKartCollision
[info   ] Script: onForceFieldKartCollision
[info   ] Script: onForceFieldKartCollision
[info   ] Script: onForceFieldKartCollision
[info   ] Script: onForceFieldKartCollision
[info   ] Script: onForceFieldKartCollision
[info   ] Script: onForceFieldKartCollision
[info   ] Script: onForceFieldKartCollision
[info   ] Script: onForceFieldKartCollision
[info   ] Script: onForceFieldKartCollision
[info   ] Script: onForceFieldKartCollision
[info   ] Script: onForceFieldKartCollision
[info   ] Script: onForceFieldKartCollision
[info   ] Script: onForceFieldKartCollision
[info   ] Script: onForceFieldKartCollision
[info   ] Script: onForceFieldKartCollision
[info   ] Script: onForceFieldKartCollision
[info   ] Script: onForceFieldKartCollision
[info   ] Script: onForceFieldKartCollision
[info   ] Script: onForceFieldKartCollision
[info   ] Script: onForceFieldKartCollision
[info   ] Script: onForceFieldKartCollision
[info   ] Script: onForceFieldKartCollision
[info   ] Script: onForceFieldKartCollision
[info   ] Script: onForceFieldKartCollision
[info   ] Script: onForceFieldKartCollision
[info   ] Script: onForceFieldKartCollision
[info   ] Script: onForceFieldKartCollision
[info   ] Script: onForceFieldKartCollision
[info   ] Script: onForceFieldKartCollision
[info   ] Script: onForceFieldKartCollision
[info   ] Script: onForceFieldKartCollision
[info   ] Script: onForceFieldKartCollision
[info   ] Script: onForceFieldKartCollision
[info   ] Script: onForceFieldKartCollision
[info   ] Script: onForceFieldKartCollision
[info   ] Script: onForceFieldKartCollision
[info   ] Script: onForceFieldKartCollision
[info   ] Script: onForceFieldKartCollision
[info   ] Script: onForceFieldKartCollision
[info   ] Script: onForceFieldKartCollision
[info   ] Script: onForceFieldKartCollision
[info   ] Script: onForceFieldKartCollision
[info   ] Script: onForceFieldKartCollision
[info   ] Script: onForceFieldKartCollision
[info   ] Script: onForceFieldKartCollision
[info   ] Script: onForceFieldKartCollision
[info   ] Script: onForceFieldKartCollision
[info   ] Script: onForceFieldKartCollision
[info   ] Script: onForceFieldKartCollision
[info   ] Script: onForceFieldKartCollision
[info   ] Script: onForceFieldKartCollision
[info   ] Script: onForceFieldKartCollision
[info   ] Script: onForceFieldKartCollision
[info   ] Script: onForceFieldKartCollision
[info   ] Script: onForceFieldKartCollision
[info   ] Script: onForceFieldKartCollision
[info   ] Script: onForceFieldKartCollision
[info   ] Script: onForceFieldKartCollision
[info   ] Script: onForceFieldKartCollision
[info   ] Script: onForceFieldKartCollision
[info   ] Script: onForceFieldKartCollision
[info   ] Script: onForceFieldKartCollision
[info   ] Script: onForceFieldKartCollision
[info   ] Script: onForceFieldKartCollision
[info   ] Script: onForceFieldKartCollision
[info   ] Script: onForceFieldKartCollision
[info   ] Script: onForceFieldKartCollision
[info   ] Script: onForceFieldKartCollision
[info   ] Script: onForceFieldKartCollision
[info   ] Script: onForceFieldKartCollision
[info   ] Script: onForceFieldKartCollision
[info   ] Script: onForceFieldKartCollision
[info   ] Script: onForceFieldKartCollision
[info   ] Script: onForceFieldKartCollision
[info   ] Script: onForceFieldKartCollision
[info   ] Script: onForceFieldKartCollision
[info   ] Script: onForceFieldKartCollision
[info   ] Script: onForceFieldKartCollision
[info   ] Script: onForceFieldKartCollision
[info   ] Script: onForceFieldKartCollision
[info   ] Script: onForceFieldKartCollision
[info   ] Script: onForceFieldKartCollision
[info   ] Script: onForceFieldKartCollision
[info   ] Script: onForceFieldKartCollision
[info   ] Script: onForceFieldKartCollision
[info   ] Script: onForceFieldKartCollision
[info   ] Script: onForceFieldKartCollision
[info   ] Script: onForceFieldKartCollision
[info   ] Script: onForceFieldKartCollision
[info   ] Script: onForceFieldKartCollision
[info   ] Script: onForceFieldKartCollision
[info   ] Script: onForceFieldKartCollision
[info   ] Script: onForceFieldKartCollision
[info   ] Script: onForceFieldKartCollision
[info   ] Script: onForceFieldKartCollision
[info   ] Script: onForceFieldKartCollision
[info   ] Script: onForceFieldKartCollision
[info   ] Script: onForceFieldKartCollision
[info   ] Script: onForceFieldKartCollision
[info   ] Script: onForceFieldKartCollision
[info   ] Script: onForceFieldKartCollision
[info   ] Script: onForceFieldKartCollision
[info   ] Script: onForceFieldKartCollision
[info   ] Script: onForceFieldKartCollision
[info   ] Script: onForceFieldKartCollision
[info   ] Script: onForceFieldKartCollision
[info   ] Script: onForceFieldKartCollision
[info   ] Script: onForceFieldKartCollision
[info   ] Script: onForceFieldKartCollision
[info   ] Script: onForceFieldKartCollision
[info   ] Script: onForceFieldKartCollision
[info   ] Script: onForceFieldKartCollision
[info   ] Script: onForceFieldKartCollision
[info   ] Script: onForceFieldKartCollision
[info   ] Script: onForceFieldKartCollision
[info   ] Script: onForceFieldKartCollision
[info   ] Script: onForceFieldKartCollision
[info   ] Script: onForceFieldKartCollision
[info   ] Script: onForceFieldKartCollision
[info   ] Script: onForceFieldKartCollision
[info   ] Script: onForceFieldKartCollision
[info   ] Script: onForceFieldKartCollision
[info   ] Script: onForceFieldKartCollision
[info   ] Script: onForceFieldKartCollision
[info   ] Script: onForceFieldKartCollision
[info   ] Script: onForceFieldKartCollision
[info   ] Script: onForceFieldKartCollision
[info   ] Script: onForceFieldKartCollision
[info   ] Script: onForceFieldKartCollision
[info   ] Script: onForceFieldKartCollision
[info   ] Script: onForceFieldKartCollision
[info   ] Script: onForceFieldKartCollision
[info   ] Script: onForceFieldKartCollision
[info   ] Script: onForceFieldKartCollision
[info   ] Script: onForceFieldKartCollision
[info   ] Script: onForceFieldKartCollision
[info   ] Script: onForceFieldKartCollision
[info   ] Script: onForceFieldKartCollision
[info   ] Script: onForceFieldKartCollision
[info   ] Script: onForceFieldKartCollision
[info   ] Script: onForceFieldKartCollision
[info   ] Script: onForceFieldKartCollision
[info   ] Script: onForceFieldKartCollision
[info   ] Script: onForceFieldKartCollision
[info   ] Script: onForceFieldKartCollision
[info   ] Script: onForceFieldKartCollision
[info   ] Script: onForceFieldKartCollision
[info   ] Script: onForceFieldKartCollision
[info   ] Script: onForceFieldKartCollision
[info   ] Script: onForceFieldKartCollision
[info   ] Script: onForceFieldKartCollision
[info   ] Script: onForceFieldKartCollision
[info   ] Script: onForceFieldKartCollision
[info   ] Script: onForceFieldKartCollision
[info   ] Script: onForceFieldKartCollision
[info   ] Script: onForceFieldKartCollision
[info   ] Script: onForceFieldKartCollision
[info   ] Script: onForceFieldKartCollision
[info   ] Script: onForceFieldKartCollision
[info   ] Script: onForceFieldKartCollision
[info   ] Script: onForceFieldKartCollision
[info   ] Script: onForceFieldKartCollision
[info   ] Script: onForceFieldKartCollision
[info   ] Script: onForceFieldKartCollision
[info   ] Script: onForceFieldKartCollision
[info   ] Script: onForceFieldKartCollision
[info   ] Script: onForceFieldKartCollision
[info   ] Script: onForceFieldKartCollision
[info   ] Script: onForceFieldKartCollision
[info   ] Script: onForceFieldKartCollision
[info   ] Script: onForceFieldKartCollision
[info   ] Script: onForceFieldKartCollision
[info   ] Script: onForceFieldKartCollision
[info   ] Script: onForceFieldKartCollision
[info   ] Script: onForceFieldKartCollision
[info   ] Script: onForceFieldKartCollision
[info   ] Script: onForceFieldKartCollision
[info   ] Script: onForceFieldKartCollision
[info   ] Script: onForceFieldKartCollision
[info   ] Script: onForceFieldKartCollision
[info   ] Script: onForceFieldKartCollision
[info   ] Script: onForceFieldKartCollision
[info   ] Script: onForceFieldKartCollision
[info   ] Script: onForceFieldKartCollision
[info   ] Script: onForceFieldKartCollision
[info   ] Script: onForceFieldKartCollision
[info   ] Script: onForceFieldKartCollision
[info   ] Script: onForceFieldKartCollision
[info   ] Script: onForceFieldKartCollision
[info   ] Script: onForceFieldKartCollision
[info   ] Script: onForceFieldKartCollision
[info   ] Script: onForceFieldKartCollision
[info   ] Script: onForceFieldKartCollision
[info   ] Script: onForceFieldKartCollision
[info   ] Script: onForceFieldKartCollision
[info   ] Script: onForceFieldKartCollision
[info   ] Script: onForceFieldKartCollision
[info   ] Script: onForceFieldKartCollision
[info   ] Script: onForceFieldKartCollision
[info   ] Script: onForceFieldKartCollision
[info   ] Script: onForceFieldKartCollision
[info   ] Script: onForceFieldKartCollision
[info   ] Script: onForceFieldKartCollision
[info   ] Script: onForceFieldKartCollision
[info   ] Script: onForceFieldKartCollision
[info   ] Script: onForceFieldKartCollision
[info   ] Script: onForceFieldKartCollision
[info   ] Script: onForceFieldKartCollision
[info   ] Script: onForceFieldKartCollision
[info   ] Script: onForceFieldKartCollision
[info   ] Script: onForceFieldKartCollision
[info   ] Script: onForceFieldKartCollision
[info   ] Script: onForceFieldKartCollision
[info   ] Script: onForceFieldKartCollision
[info   ] Script: onForceFieldKartCollision
[info   ] Script: onForceFieldKartCollision
[info   ] Script: onForceFieldKartCollision
[info   ] Script: onForceFieldKartCollision
[info   ] Script: onForceFieldKartCollision
[info   ] Script: onForceFieldKartCollision
[info   ] Script: onForceFieldKartCollision
[info   ] Script: onForceFieldKartCollision
[info   ] Script: onForceFieldKartCollision
[info   ] Script: onForceFieldKartCollision
[info   ] Script: onForceFieldKartCollision
[info   ] Script: onForceFieldKartCollision
[info   ] Script: onForceFieldKartCollision
[info   ] Script: onForceFieldKartCollision
[info   ] Script: onForceFieldKartCollision
[info   ] Script: onForceFieldKartCollision
[info   ] Script: onForceFieldKartCollision
[info   ] Script: onForceFieldKartCollision
[info   ] Script: onForceFieldKartCollision
[info   ] Script: onForceFieldKartCollision
[info   ] Script: onForceFieldKartCollision
[info   ] Script: onForceFieldKartCollision
[info   ] Script: onForceFieldKartCollision
[info   ] Script: onForceFieldKartCollision
[info   ] Script: onForceFieldKartCollision
[info   ] Script: onForceFieldKartCollision
[info   ] Script: onForceFieldKartCollision
[info   ] Script: onForceFieldKartCollision
[info   ] Script: onForceFieldKartCollision
[info   ] Script: onForceFieldKartCollision
[info   ] Script: onForceFieldKartCollision
[info   ] Script: onForceFieldKartCollision
[info   ] Script: onForceFieldKartCollision
[info   ] Script: onForceFieldKartCollision
[info   ] Script: onForceFieldKartCollision
[info   ] Script: onForceFieldKartCollision
[info   ] Script: onForceFieldKartCollision
[info   ] Script: onForceFieldKartCollision
[info   ] Script: onForceFieldKartCollision
[info   ] Script: onForceFieldKartCollision
[info   ] Script: onForceFieldKartCollision
[info   ] Script: onForceFieldKartCollision
[info   ] Script: onForceFieldKartCollision
[info   ] Script: onForceFieldKartCollision
[info   ] Script: onForceFieldKartCollision
[info   ] Script: onForceFieldKartCollision
[info   ] Script: onForceFieldKartCollision
[info   ] Script: onForceFieldKartCollision
[info   ] Script: onForceFieldKartCollision
[info   ] Script: onForceFieldKartCollision
[info   ] Script: onForceFieldKartCollision
[info   ] Script: onForceFieldKartCollision
[info   ] Script: onForceFieldKartCollision
[info   ] Script: onForceFieldKartCollision
[info   ] Script: onForceFieldKartCollision
[info   ] Script: onForceFieldKartCollision
[info   ] Script: onForceFieldKartCollision
[info   ] Script: onForceFieldKartCollision
[info   ] Script: onForceFieldKartCollision
[info   ] Script: onForceFieldKartCollision
[info   ] Script: onForceFieldKartCollision
[info   ] Script: onForceFieldKartCollision
[info   ] Script: onForceFieldKartCollision
[info   ] Script: onForceFieldKartCollision
[info   ] Script: onForceFieldKartCollision
[info   ] Script: onForceFieldKartCollision
[info   ] Script: onForceFieldKartCollision
[info   ] Script: onForceFieldKartCollision
[info   ] Script: onForceFieldKartCollision
[info   ] Script: onForceFieldKartCollision
[info   ] Script: onForceFieldKartCollision
[info   ] Script: onForceFieldKartCollision
[info   ] Script: onForceFieldKartCollision
[info   ] Script: onForceFieldKartCollision
[info   ] Script: onForceFieldKartCollision
[info   ] Script: onForceFieldKartCollision
[info   ] Script: onForceFieldKartCollision
[info   ] Script: onForceFieldKartCollision
[info   ] Script: onForceFieldKartCollision
[info   ] Script: onForceFieldKartCollision
[info   ] Script: onForceFieldKartCollision
[info   ] Script: onForceFieldKartCollision
[info   ] Script: onForceFieldKartCollision
[info   ] Script: onForceFieldKartCollision
[info   ] Script: onForceFieldKartCollision
[info   ] Script: onForceFieldKartCollision
[info   ] Script: onForceFieldKartCollision
[info   ] Script: onForceFieldKartCollision
[info   ] Script: onForceFieldKartCollision
[info   ] Script: onForceFieldKartCollision
[info   ] Script: onForceFieldKartCollision
[info   ] Script: onForceFieldKartCollision
[info   ] Script: onForceFieldKartCollision
[info   ] Script: onForceFieldKartCollision
[info   ] Script: onForceFieldKartCollision
[info   ] Script: onForceFieldKartCollision
[info   ] Script: onForceFieldKartCollision
[info   ] Script: onForceFieldKartCollision
[info   ] Script: onForceFieldKartCollision
[info   ] Script: onForceFieldKartCollision
[info   ] Script: onForceFieldKartCollision
[info   ] Script: onForceFieldKartCollision
[info   ] Script: onForceFieldKartCollision
[info   ] Script: onForceFieldKartCollision
[info   ] Script: onForceFieldKartCollision
[info   ] Script: onForceFieldKartCollision
[info   ] Script: onForceFieldKartCollision
[info   ] Script: onForceFieldKartCollision
[info   ] Script: onForceFieldKartCollision
[info   ] Script: onForceFieldKartCollision
[info   ] Script: onForceFieldKartCollision
[info   ] Script: onForceFieldKartCollision
[info   ] Script: onForceFieldKartCollision
[info   ] Script: onForceFieldKartCollision
[info   ] Script: onForceFieldKartCollision
[info   ] Script: onForceFieldKartCollision
[info   ] Script: onForceFieldKartCollision
[info   ] Script: onForceFieldKartCollision
[info   ] Script: onForceFieldKartCollision
[info   ] Script: onForceFieldKartCollision
[info   ] Script: onForceFieldKartCollision
[info   ] Script: onForceFieldKartCollision
[info   ] Script: onForceFieldKartCollision
[info   ] Script: onForceFieldKartCollision
[info   ] Script: onForceFieldKartCollision
[info   ] Script: onForceFieldKartCollision
[info   ] Script: onForceFieldKartCollision
[info   ] Script: onForceFieldKartCollision
[info   ] Script: onForceFieldKartCollision
[info   ] Script: onForceFieldKartCollision
[info   ] Script: onForceFieldKartCollision
[info   ] Script: onForceFieldKartCollision
[info   ] Script: onForceFieldKartCollision
[info   ] Script: onForceFieldKartCollision
[info   ] Script: onForceFieldKartCollision
[info   ] Script: onForceFieldKartCollision
[info   ] Script: onForceFieldKartCollision
[info   ] Script: onForceFieldKartCollision
[info   ] Script: onForceFieldKartCollision
[info   ] Script: onForceFieldKartCollision
[info   ] Script: onForceFieldKartCollision
[info   ] Script: onForceFieldKartCollision
[info   ] Script: onForceFieldKartCollision
[info   ] Script: onForceFieldKartCollision
[info   ] Script: onForceFieldKartCollision
[info   ] Script: onForceFieldKartCollision
[info   ] Script: onForceFieldKartCollision
[info   ] Script: onForceFieldKartCollision
[info   ] Script: onForceFieldKartCollision
[info   ] Script: onForceFieldKartCollision
[info   ] Script: onForceFieldKartCollision
[info   ] Script: onForceFieldKartCollision
[info   ] Script: onForceFieldKartCollision
[info   ] Script: onForceFieldKartCollision
[info   ] Script: onForceFieldKartCollision
[info   ] Script: onForceFieldKartCollision
[info   ] Script: onForceFieldKartCollision
[info   ] Script: onForceFieldKartCollision
[info   ] Script: onForceFieldKartCollision
[info   ] Script: onForceFieldKartCollision
[info   ] Script: onForceFieldKartCollision
[info   ] Script: onForceFieldKartCollision
[info   ] Script: onForceFieldKartCollision
[info   ] Script: onForceFieldKartCollision
[info   ] Script: onForceFieldKartCollision
[info   ] Script: onForceFieldKartCollision
[info   ] Script: onForceFieldKartCollision
[info   ] Script: onForceFieldKartCollision
[info   ] Script: onForceFieldKartCollision
[info   ] Script: onForceFieldKartCollision
[info   ] Script: onForceFieldKartCollision
[info   ] Script: onForceFieldKartCollision
[info   ] Script: onForceFieldKartCollision
[info   ] Script: onForceFieldKartCollision
[info   ] Script: onForceFieldKartCollision
[info   ] Script: onForceFieldKartCollision
[info   ] Script: onForceFieldKartCollision
[info   ] Script: onForceFieldKartCollision
[info   ] Script: onForceFieldKartCollision
[info   ] Script: onForceFieldKartCollision
[info   ] Script: onForceFieldKartCollision
[info   ] Script: onForceFieldKartCollision
[info   ] Script: onForceFieldKartCollision
[info   ] Script: onForceFieldKartCollision
[info   ] Script: onForceFieldKartCollision
[info   ] Script: onForceFieldKartCollision
[info   ] Script: onForceFieldKartCollision
[info   ] Script: onForceFieldKartCollision
[info   ] Script: onForceFieldKartCollision
[info   ] Script: onForceFieldKartCollision
[info   ] Script: onForceFieldKartCollision
[info   ] Script: onForceFieldKartCollision
[info   ] Script: onForceFieldKartCollision
[info   ] Script: onForceFieldKartCollision
[info   ] Script: onForceFieldKartCollision
[info   ] Script: onForceFieldKartCollision
[info   ] Script: onForceFieldKartCollision
[info   ] Script: onForceFieldKartCollision
[info   ] Script: onForceFieldKartCollision
[info   ] Script: onForceFieldKartCollision
[info   ] Script: onForceFieldKartCollision
[info   ] Script: onForceFieldKartCollision
[info   ] Script: onForceFieldKartCollision
[info   ] Script: onForceFieldKartCollision
[info   ] Script: onForceFieldKartCollision
[info   ] Script: onForceFieldKartCollision
[info   ] Script: onForceFieldKartCollision
[info   ] Script: onForceFieldKartCollision
[info   ] Script: onForceFieldKartCollision
[info   ] Script: onForceFieldKartCollision
[info   ] Script: onForceFieldKartCollision
[info   ] Script: onForceFieldKartCollision
[info   ] Script: onForceFieldKartCollision
[info   ] Script: onForceFieldKartCollision
[info   ] Script: onForceFieldKartCollision
[info   ] Script: onForceFieldKartCollision
[info   ] Script: onForceFieldKartCollision
[info   ] Script: onForceFieldKartCollision
[info   ] Script: onForceFieldKartCollision
[info   ] Script: onForceFieldKartCollision
[info   ] Script: onForceFieldKartCollision
[info   ] Script: onForceFieldKartCollision
[info   ] Script: onForceFieldKartCollision
[info   ] Script: onForceFieldKartCollision
[info   ] Script: onForceFieldKartCollision
[info   ] Script: onForceFieldKartCollision
[info   ] Script: onForceFieldKartCollision
[info   ] Script: onForceFieldKartCollision
[info   ] Script: onForceFieldKartCollision
[info   ] Script: onForceFieldKartCollision
[info   ] Script: onForceFieldKartCollision
[info   ] Script: onForceFieldKartCollision
[info   ] Script: onForceFieldKartCollision
[info   ] Script: onForceFieldKartCollision
[info   ] Script: onForceFieldKartCollision
[info   ] Script: onForceFieldKartCollision
[info   ] Script: onForceFieldKartCollision
[info   ] Script: onForceFieldKartCollision
[info   ] Script: onForceFieldKartCollision
[info   ] Script: onForceFieldKartCollision
[info   ] Script: onForceFieldKartCollision
[info   ] Script: onForceFieldKartCollision
[info   ] Script: onForceFieldKartCollision
[info   ] Script: onForceFieldKartCollision
[info   ] Script: onForceFieldKartCollision
[info   ] Script: onForceFieldKartCollision
[info   ] Script: onForceFieldKartCollision
[info   ] Script: onForceFieldKartCollision
[info   ] Script: onForceFieldKartCollision
[info   ] Script: onForceFieldKartCollision
[info   ] Script: onForceFieldKartCollision
[info   ] Script: onForceFieldKartCollision
[info   ] Script: onForceFieldKartCollision
[info   ] Script: onForceFieldKartCollision
[info   ] Script: onForceFieldKartCollision
[info   ] Script: onForceFieldKartCollision
[info   ] Script: onForceFieldKartCollision
[info   ] Script: onForceFieldKartCollision
[info   ] Script: onForceFieldKartCollision
[info   ] Script: onForceFieldKartCollision
[info   ] Script: onForceFieldKartCollision
[info   ] Script: onForceFieldKartCollision
[info   ] Script: onForceFieldKartCollision
[info   ] Script: onForceFieldKartCollision
[info   ] Script: onForceFieldKartCollision
[info   ] Script: onForceFieldKartCollision
[info   ] Script: onForceFieldKartCollision
[info   ] Script: onForceFieldKartCollision
[info   ] Script: onForceFieldKartCollision
[info   ] Script: onForceFieldKartCollision
[info   ] Script: onForceFieldKartCollision
[info   ] Script: onForceFieldKartCollision
[info   ] Script: onForceFieldKartCollision
[info   ] Script: onForceFieldKartCollision
[info   ] Script: onForceFieldKartCollision
[info   ] Script: onForceFieldKartCollision
[info   ] Script: onForceFieldKartCollision
[info   ] Script: onForceFieldKartCollision
[info   ] Script: onForceFieldKartCollision
[info   ] Script: onForceFieldKartCollision
[info   ] Script: onForceFieldKartCollision
[info   ] Script: onForceFieldKartCollision
[info   ] Script: onForceFieldKartCollision
[info   ] Script: onForceFieldKartCollision
[info   ] Script: onForceFieldKartCollision
[info   ] Script: onForceFieldKartCollision
[info   ] Script: onForceFieldKartCollision
[info   ] Script: onForceFieldKartCollision
[info   ] Script: onForceFieldKartCollision
[info   ] Script: onForceFieldKartCollision
[info   ] Script: onForceFieldKartCollision
[info   ] Script: onForceFieldKartCollision
[info   ] Script: onForceFieldKartCollision
[info   ] Script: onForceFieldKartCollision
[info   ] Script: onForceFieldKartCollision
[info   ] Script: onForceFieldKartCollision
[info   ] Script: onForceFieldKartCollision
[info   ] Script: onForceFieldKartCollision
[info   ] Script: onForceFieldKartCollision
[info   ] Script: onForceFieldKartCollision
[info   ] Script: onForceFieldKartCollision
[info   ] Script: onForceFieldKartCollision
[info   ] Script: onForceFieldKartCollision
[info   ] Script: onForceFieldKartCollision
[info   ] Script: onForceFieldKartCollision
[info   ] Script: onForceFieldKartCollision
[info   ] Script: onForceFieldKartCollision
[info   ] Script: onForceFieldKartCollision
[info   ] Script: onForceFieldKartCollision
[info   ] Script: onForceFieldKartCollision
[info   ] Script: onForceFieldKartCollision
[info   ] Script: onForceFieldKartCollision
[info   ] Script: onForceFieldKartCollision
[info   ] Script: onForceFieldKartCollision
[info   ] Script: onForceFieldKartCollision
[info   ] Script: onForceFieldKartCollision
[info   ] Script: onForceFieldKartCollision
[info   ] Script: onForceFieldKartCollision
[info   ] Script: onForceFieldKartCollision
[info   ] Script: onForceFieldKartCollision
[info   ] Script: onForceFieldKartCollision
[info   ] Script: onForceFieldKartCollision
[info   ] Script: onForceFieldKartCollision
[info   ] Script: onForceFieldKartCollision
[info   ] Script: onForceFieldKartCollision
[info   ] Script: onForceFieldKartCollision
[info   ] Script: onForceFieldKartCollision
[info   ] Script: onForceFieldKartCollision
[info   ] Script: onForceFieldKartCollision
[info   ] Script: onForceFieldKartCollision
[info   ] Script: onForceFieldKartCollision
[info   ] Script: onForceFieldKartCollision
[info   ] Script: onForceFieldKartCollision
[info   ] Script: onForceFieldKartCollision
[info   ] Script: onForceFieldKartCollision
[info   ] Script: onForceFieldKartCollision
[info   ] Script: onForceFieldKartCollision
[info   ] Script: onForceFieldKartCollision
[info   ] Script: onForceFieldKartCollision
[info   ] Script: onForceFieldKartCollision
[info   ] Script: onForceFieldKartCollision
[info   ] Script: onForceFieldKartCollision
[info   ] Script: onForceFieldKartCollision
[info   ] Script: onForceFieldKartCollision
[info   ] Script: onForceFieldKartCollision
[info   ] Script: onForceFieldKartCollision
[info   ] Script: onForceFieldKartCollision
[info   ] Script: onForceFieldKartCollision
[info   ] Script: onForceFieldKartCollision
[info   ] Script: onForceFieldKartCollision
[info   ] Script: onForceFieldKartCollision
[info   ] Script: onForceFieldKartCollision
[info   ] Script: onForceFieldKartCollision
[info   ] Script: onForceFieldKartCollision
[info   ] Script: onForceFieldKartCollision
[info   ] Script: onForceFieldKartCollision
[info   ] Script: onForceFieldKartCollision
[info   ] Script: onForceFieldKartCollision
[info   ] Script: onForceFieldKartCollision
[info   ] Script: onForceFieldKartCollision
[info   ] Script: onForceFieldKartCollision
[info   ] Script: onForceFieldKartCollision
[info   ] Script: onForceFieldKartCollision
[info   ] Script: onForceFieldKartCollision
[info   ] Script: onForceFieldKartCollision
[info   ] Script: onForceFieldKartCollision
[info   ] Script: onForceFieldKartCollision
[info   ] Script: onForceFieldKartCollision
[info   ] Script: onForceFieldKartCollision
[info   ] Script: onForceFieldKartCollision
[info   ] Script: onForceFieldKartCollision
[info   ] Script: onForceFieldKartCollision
[info   ] Script: onForceFieldKartCollision
[info   ] Script: onForceFieldKartCollision
[info   ] Script: onForceFieldKartCollision
[info   ] Script: onForceFieldKartCollision
[info   ] Script: onForceFieldKartCollision
[info   ] Script: onForceFieldKartCollision
[info   ] Script: onForceFieldKartCollision
[info   ] Script: onForceFieldKartCollision
[info   ] Script: onForceFieldKartCollision
[info   ] Script: onForceFieldKartCollision
[info   ] Script: onForceFieldKartCollision
[info   ] Script: onForceFieldKartCollision
[info   ] Script: onForceFieldKartCollision
[info   ] Script: onForceFieldKartCollision
[info   ] Script: onForceFieldKartCollision
[info   ] Script: onForceFieldKartCollision
[info   ] Script: onForceFieldKartCollision
[info   ] Script: onForceFieldKartCollision
[info   ] Script: onForceFieldKartCollision
[info   ] Script: onForceFieldKartCollision
[info   ] Script: onForceFieldKartCollision
[info   ] Script: onForceFieldKartCollision
[info   ] Script: onForceFieldKartCollision
[info   ] Script: onForceFieldKartCollision
[info   ] Script: onForceFieldKartCollision
[info   ] Script: onForceFieldKartCollision
[info   ] Script: onForceFieldKartCollision
[info   ] Script: onForceFieldKartCollision
[info   ] Script: onForceFieldKartCollision
[info   ] Script: onForceFieldKartCollision
[info   ] Script: onForceFieldKartCollision
[info   ] Script: onForceFieldKartCollision
[info   ] Script: onForceFieldKartCollision
[info   ] Script: onForceFieldKartCollision
[info   ] Script: onForceFieldKartCollision
[info   ] Script: onForceFieldKartCollision
[info   ] Script: onForceFieldKartCollision
[info   ] Script: onForceFieldKartCollision
[info   ] Script: onForceFieldKartCollision
[info   ] Script: onForceFieldKartCollision
[info   ] Script: onForceFieldKartCollision
[info   ] Script: onForceFieldKartCollision
[info   ] Script: onForceFieldKartCollision
[info   ] Script: onForceFieldKartCollision
[info   ] Script: onForceFieldKartCollision
[info   ] Script: onForceFieldKartCollision
[info   ] Script: onForceFieldKartCollision
[info   ] Script: onForceFieldKartCollision
[info   ] Script: onForceFieldKartCollision
[info   ] Script: onForceFieldKartCollision
[info   ] Script: onForceFieldKartCollision
[info   ] Script: onForceFieldKartCollision
[info   ] Script: onForceFieldKartCollision
[info   ] Script: onForceFieldKartCollision
[info   ] Script: onForceFieldKartCollision
[info   ] Script: onForceFieldKartCollision
[info   ] Script: onForceFieldKartCollision
[info   ] Script: onForceFieldKartCollision
[info   ] Script: onForceFieldKartCollision
[info   ] Script: onForceFieldKartCollision
[info   ] Script: onForceFieldKartCollision
[info   ] Script: onForceFieldKartCollision
[info   ] Script: onForceFieldKartCollision
[info   ] Script: onForceFieldKartCollision
[info   ] Script: onForceFieldKartCollision
[info   ] Script: onForceFieldKartCollision
[info   ] Script: onForceFieldKartCollision
[info   ] Script: onForceFieldKartCollision
[info   ] Script: onForceFieldKartCollision
[info   ] Script: onForceFieldKartCollision
[info   ] Script: onForceFieldKartCollision
[info   ] Script: onForceFieldKartCollision
[info   ] Script: onForceFieldKartCollision
[info   ] Script: onForceFieldKartCollision
[info   ] Script: onForceFieldKartCollision
[info   ] Script: onForceFieldKartCollision
[info   ] Script: onForceFieldKartCollision
[info   ] Script: onForceFieldKartCollision
[info   ] Script: onForceFieldKartCollision
[info   ] Script: onForceFieldKartCollision
[info   ] Script: onForceFieldKartCollision
[info   ] Script: onForceFieldKartCollision
[info   ] Script: onForceFieldKartCollision
[info   ] Script: onForceFieldKartCollision
[info   ] Script: onForceFieldKartCollision
[info   ] Script: onForceFieldKartCollision
[info   ] Script: onForceFieldKartCollision
[info   ] Script: onForceFieldKartCollision
[info   ] Script: onForceFieldKartCollision
[info   ] Script: onForceFieldKartCollision
[info   ] Script: onForceFieldKartCollision
[info   ] Script: onForceFieldKartCollision
[info   ] Script: onForceFieldKartCollision
[info   ] Script: onForceFieldKartCollision
[info   ] Script: onForceFieldKartCollision
[info   ] Script: onForceFieldKartCollision
[info   ] Script: onForceFieldKartCollision
[info   ] Script: onForceFieldKartCollision
[info   ] Script: onForceFieldKartCollision
[info   ] Script: onForceFieldKartCollision
[info   ] Script: onForceFieldKartCollision
[info   ] Script: onForceFieldKartCollision
[info   ] Script: onForceFieldKartCollision
[info   ] Script: onForceFieldKartCollision
[info   ] Script: onForceFieldKartCollision
[info   ] Script: onForceFieldKartCollision
[info   ] Script: onForceFieldKartCollision
[info   ] Script: onForceFieldKartCollision
[info   ] Script: onForceFieldKartCollision
[info   ] Script: onForceFieldKartCollision
[info   ] Script: onForceFieldKartCollision
[info   ] Script: onForceFieldKartCollision
[info   ] Script: onForceFieldKartCollision
[info   ] Script: onForceFieldKartCollision
[info   ] Script: onForceFieldKartCollision
[info   ] Script: onForceFieldKartCollision
[info   ] Script: onForceFieldKartCollision
[info   ] Script: onForceFieldKartCollision
[info   ] Script: onForceFieldKartCollision
[info   ] Script: onForceFieldKartCollision
[info   ] Script: onForceFieldKartCollision
[info   ] Script: onForceFieldKartCollision
[info   ] Script: onForceFieldKartCollision
[info   ] Script: onForceFieldKartCollision
[info   ] Script: onForceFieldKartCollision
[info   ] Script: onForceFieldKartCollision
[info   ] Script: onForceFieldKartCollision
[info   ] Script: onForceFieldKartCollision
[info   ] Script: onForceFieldKartCollision
[info   ] Script: onForceFieldKartCollision
[info   ] Script: onForceFieldKartCollision
[info   ] Script: onForceFieldKartCollision
[info   ] Script: onForceFieldKartCollision
[info   ] Script: onForceFieldKartCollision
[info   ] Script: onForceFieldKartCollision
[info   ] Script: onForceFieldKartCollision
[info   ] Script: onForceFieldKartCollision
[info   ] Script: onForceFieldKartCollision
[info   ] Script: onForceFieldKartCollision
[info   ] Script: onForceFieldKartCollision
[info   ] Script: onForceFieldKartCollision
[info   ] Script: onForceFieldKartCollision
[info   ] Script: onForceFieldKartCollision
[info   ] Script: onForceFieldKartCollision
[info   ] Script: onForceFieldKartCollision
[info   ] Script: onForceFieldKartCollision
[info   ] Script: onForceFieldKartCollision
[info   ] Script: onForceFieldKartCollision
[info   ] Script: onForceFieldKartCollision
[info   ] Script: onForceFieldKartCollision
[info   ] Script: onForceFieldKartCollision
[info   ] Script: onForceFieldKartCollision
[info   ] Script: onForceFieldKartCollision
[info   ] Script: onForceFieldKartCollision
[info   ] Script: onForceFieldKartCollision
[info   ] Script: onForceFieldKartCollision
[info   ] Script: onForceFieldKartCollision
[info   ] Script: onForceFieldKartCollision
[info   ] Script: onForceFieldKartCollision
[info   ] Script: onForceFieldKartCollision
[info   ] Script: onForceFieldKartCollision
[info   ] Script: onForceFieldKartCollision
[info   ] Script: onForceFieldKartCollision
[info   ] Script: onForceFieldKartCollision
[info   ] Script: onForceFieldKartCollision
[info   ] Script: onForceFieldKartCollision
[info   ] Script: onForceFieldKartCollision
[info   ] Script: onForceFieldKartCollision
[info   ] Script: onForceFieldKartCollision
[info   ] Script: onForceFieldKartCollision
[info   ] Script: onForceFieldKartCollision
[info   ] Script: onForceFieldKartCollision
[info   ] Script: onForceFieldKartCollision
[info   ] Script: onForceFieldKartCollision
[info   ] Script: onForceFieldKartCollision
[info   ] Script: onForceFieldKartCollision
[info   ] Script: onForceFieldKartCollision
[info   ] Script: onForceFieldKartCollision
[info   ] Script: onForceFieldKartCollision
[info   ] Script: onForceFieldKartCollision
[info   ] Script: onForceFieldKartCollision
[info   ] Script: onForceFieldKartCollision
[info   ] Script: onForceFieldKartCollision
[info   ] Script: onForceFieldKartCollision
[info   ] Script: onForceFieldKartCollision
[info   ] Script: onForceFieldKartCollision
[info   ] Script: onForceFieldKartCollision
[info   ] Script: onForceFieldKartCollision
[info   ] Script: onForceFieldKartCollision
[info   ] Script: onForceFieldKartCollision
[info   ] Script: onForceFieldKartCollision
[info   ] Script: onForceFieldKartCollision
[info   ] Script: onForceFieldKartCollision
[info   ] Script: onForceFieldKartCollision
[info   ] Script: onForceFieldKartCollision
[info   ] Script: onForceFieldKartCollision
[info   ] Script: onForceFieldKartCollision
[info   ] Script: onForceFieldKartCollision
[info   ] Script: onForceFieldKartCollision
[info   ] Script: onForceFieldKartCollision
[info   ] Script: onForceFieldKartCollision
[info   ] Script: onForceFieldKartCollision
[info   ] Script: onForceFieldKartCollision
[info   ] Script: onForceFieldKartCollision
[info   ] Script: onForceFieldKartCollision
[info   ] Script: onForceFieldKartCollision
[info   ] Script: onForceFieldKartCollision
[info   ] Script: onForceFieldKartCollision
[info   ] Script: onForceFieldKartCollision
[info   ] Script: onForceFieldKartCollision
[info   ] Script: onForceFieldKartCollision
[info   ] Script: onForceFieldKartCollision
[info   ] Script: onForceFieldKartCollision
[info   ] Script: onForceFieldKartCollision
[info   ] Script: onForceFieldKartCollision
[info   ] Script: onForceFieldKartCollision
[info   ] Script: onForceFieldKartCollision
[info   ] Script: onForceFieldKartCollision
[info   ] Script: onForceFieldKartCollision
[info   ] Script: onForceFieldKartCollision
[info   ] Script: onForceFieldKartCollision
[info   ] Script: onForceFieldKartCollision
[info   ] Script: onForceFieldKartCollision
[info   ] Script: onForceFieldKartCollision
[info   ] Script: onForceFieldKartCollision
[info   ] Script: onForceFieldKartCollision
[info   ] Singleton: Destroyed singleton.
[info   ] Singleton: Destroyed singleton.
[info   ] Singleton: Destroyed singleton.
[verbose  ] RaceManager: Nb of karts=6, ghost karts:0 ai:5 players:1

[info   ] [FileManager]: Creating directory(ies) '/home/james/.cache/supertuxkart/cached-textures/hd/tracks/cornfield_crossing'
[info   ] FileManager: Creating directory '/home/james/.cache/supertuxkart/cached-textures/hd/tracks/cornfield_crossing/'.
[info   ] [FileManager]: Creating directory(ies) '/home/james/.cache/supertuxkart/cached-textures/hd/library/stklib_fitchBarrel_a'
[info   ] FileManager: Creating directory '/home/james/.cache/supertuxkart/cached-textures/hd/library/stklib_fitchBarrel_a/'.
[info   ] [FileManager]: Creating directory(ies) '/home/james/.cache/supertuxkart/cached-textures/hd/library/stklib_hayBall_a'
[info   ] FileManager: Creating directory '/home/james/.cache/supertuxkart/cached-textures/hd/library/stklib_hayBall_a/'.
[info   ] [FileManager]: Creating directory(ies) '/home/james/.cache/supertuxkart/cached-textures/hd/library/stklib_pumpkin_a'
[info   ] FileManager: Creating directory '/home/james/.cache/supertuxkart/cached-textures/hd/library/stklib_pumpkin_a/'.
[info   ] [FileManager]: Creating directory(ies) '/home/james/.cache/supertuxkart/cached-textures/hd/library/stklib_sagebrush_a'
[info   ] FileManager: Creating directory '/home/james/.cache/supertuxkart/cached-textures/hd/library/stklib_sagebrush_a/'.
[info   ] Track: Overall scene complexity estimated at 643
[info   ] ShaderFilesManager: Compiling shader: /usr/share/supertuxkart/data/shaders/godfade.frag
[info   ] ShaderFilesManager: Compiling shader: /usr/share/supertuxkart/data/shaders/gaussian3v.frag
[info   ] ShaderFilesManager: Compiling shader: /usr/share/supertuxkart/data/shaders/gaussian3h.frag
[info   ] ShaderFilesManager: Compiling shader: /usr/share/supertuxkart/data/shaders/godray.frag
[verbose  ] StoryModeTimer: Total speedrun pause time : 2925ms.
[warn   ] MusicOgg: Music not playing when it should be. Source state: 4116
[warn   ] MusicOgg: Music not playing when it should be. Source state: 4116
[warn   ] MusicOgg: Music not playing when it should be. Source state: 4116
[warn   ] MusicOgg: Music not playing when it should be. Source state: 4116
[warn   ] MusicOgg: Music not playing when it should be. Source state: 4116
[warn   ] MusicOgg: Music not playing when it should be. Source state: 4116
[warn   ] MusicOgg: Music not playing when it should be. Source state: 4116
[warn   ] MusicOgg: Music not playing when it should be. Source state: 4116
[warn   ] MusicOgg: Music not playing when it should be. Source state: 4116
[info   ] Singleton: Destroyed singleton.
[info   ] Singleton: Destroyed singleton.
[info   ] Singleton: Destroyed singleton.
[verbose  ] RaceManager: Nb of karts=1, ghost karts:0 ai:0 players:1

[info   ] ShaderFilesManager: Compiling shader: /usr/share/supertuxkart/data/tracks/overworld/splatting.frag
[info   ] Track: Overall scene complexity estimated at 106
[info   ] Script: allchallenges: unlocked_challenges=1, challenges=26
[info   ] Script: allchallenges: unlocked_challenges=1, challenges=26
[info   ] Script: allchallenges: unlocked_challenges=1, challenges=26
[info   ] Script: allchallenges: unlocked_challenges=1, challenges=26
[verbose  ] StoryModeTimer: Total speedrun pause time : 3777ms.
[warn   ] LayoutManager: Statically sized widgets took all the place!!
[info   ] Singleton: Destroyed singleton.
[info   ] Singleton: Destroyed singleton.
[info   ] Singleton: Destroyed singleton.
[verbose  ] RaceManager: Nb of karts=6, ghost karts:0 ai:5 players:1

[info   ] Track: Overall scene complexity estimated at 643
[verbose  ] StoryModeTimer: Total speedrun pause time : 4462ms.
[info   ] Singleton: Destroyed singleton.
[info   ] Singleton: Destroyed singleton.
[info   ] Singleton: Destroyed singleton.
[verbose  ] RaceManager: Nb of karts=1, ghost karts:0 ai:0 players:1

[info   ] ShaderFilesManager: Compiling shader: /usr/share/supertuxkart/data/tracks/overworld/splatting.frag
[info   ] Track: Overall scene complexity estimated at 106
[info   ] Script: allchallenges: unlocked_challenges=1, challenges=26
[info   ] Script: allchallenges: unlocked_challenges=1, challenges=26
[info   ] Script: allchallenges: unlocked_challenges=1, challenges=26
[info   ] Script: allchallenges: unlocked_challenges=1, challenges=26
[verbose  ] StoryModeTimer: Total speedrun pause time : 5303ms.
[info   ] Singleton: Destroyed singleton.
[info   ] Singleton: Destroyed singleton.
[info   ] Singleton: Destroyed singleton.
[verbose  ] RaceManager: Nb of karts=1, ghost karts:0 ai:0 players:1

[info   ] ShaderFilesManager: Compiling shader: /usr/share/supertuxkart/data/tracks/overworld/splatting.frag
[info   ] Track: Overall scene complexity estimated at 106
[info   ] Script: allchallenges: unlocked_challenges=1, challenges=26
[info   ] Script: allchallenges: unlocked_challenges=1, challenges=26
[info   ] Script: allchallenges: unlocked_challenges=1, challenges=26
[info   ] Script: allchallenges: unlocked_challenges=1, challenges=26
[verbose  ] StoryModeTimer: Total speedrun pause time : 6153ms.
[info   ] Singleton: Destroyed singleton.
[info   ] Singleton: Destroyed singleton.
[info   ] Singleton: Destroyed singleton.
[verbose  ] RaceManager: Nb of karts=6, ghost karts:0 ai:5 players:1

[info   ] Track: Overall scene complexity estimated at 643
[verbose  ] StoryModeTimer: Total speedrun pause time : 6844ms.
[info   ] Singleton: Destroyed singleton.
[info   ] Singleton: Destroyed singleton.
[info   ] Singleton: Destroyed singleton.
[verbose  ] RaceManager: Nb of karts=1, ghost karts:0 ai:0 players:1

[info   ] ShaderFilesManager: Compiling shader: /usr/share/supertuxkart/data/tracks/overworld/splatting.frag
[info   ] Track: Overall scene complexity estimated at 106
[info   ] Script: allchallenges: unlocked_challenges=1, challenges=26
[info   ] Script: allchallenges: unlocked_challenges=1, challenges=26
[info   ] Script: allchallenges: unlocked_challenges=1, challenges=26
[info   ] Script: allchallenges: unlocked_challenges=1, challenges=26
[verbose  ] StoryModeTimer: Total speedrun pause time : 7676ms.
[info   ] Singleton: Destroyed singleton.
[info   ] Singleton: Destroyed singleton.
[info   ] Singleton: Destroyed singleton.
[verbose  ] irr_driver: Retrieved window location for config: 0 50
[info   ] Singleton: Destroyed singleton.
[info   ] Singleton: Destroyed singleton.
[info   ] Singleton: Destroyed singleton.
[info   ] Singleton: Destroyed singleton.
[info   ] Singleton: Destroyed singleton.
[info   ] Singleton: Destroyed singleton.
[info   ] Singleton: Destroyed singleton.
[info   ] Singleton: Destroyed singleton.
[info   ] Singleton: Destroyed singleton.
[info   ] Singleton: Destroyed singleton.
[info   ] Singleton: Destroyed singleton.
[info   ] Singleton: Destroyed singleton.
[info   ] Singleton: Destroyed singleton.
[info   ] Singleton: Destroyed singleton.
[info   ] Singleton: Destroyed singleton.
[info   ] Singleton: Destroyed singleton.
[info   ] Singleton: Destroyed singleton.
[info   ] Singleton: Destroyed singleton.
[info   ] Singleton: Destroyed singleton.
[info   ] Singleton: Destroyed singleton.
[info   ] Singleton: Destroyed singleton.
[info   ] Singleton: Destroyed singleton.
[info   ] Singleton: Destroyed singleton.
[info   ] Singleton: Destroyed singleton.
[info   ] Singleton: Destroyed singleton.
[info   ] Singleton: Destroyed singleton.
[info   ] Singleton: Destroyed singleton.
[info   ] Singleton: Destroyed singleton.
[info   ] Singleton: Destroyed singleton.
[info   ] Singleton: Destroyed singleton.
[info   ] Singleton: Destroyed singleton.
[info   ] Singleton: Destroyed singleton.
[info   ] Singleton: Destroyed singleton.
[info   ] Singleton: Destroyed singleton.
[info   ] Singleton: Destroyed singleton.
[info   ] Singleton: Destroyed singleton.
[info   ] Singleton: Destroyed singleton.
[info   ] Singleton: Destroyed singleton.
[info   ] Singleton: Destroyed singleton.
[info   ] Singleton: Destroyed singleton.
[info   ] Singleton: Destroyed singleton.
[info   ] Singleton: Destroyed singleton.
